{"/Users/delacruz/Projects/codex/product-feedback-backend/src/config/db/db.ts": {"path":"/Users/delacruz/Projects/codex/product-feedback-backend/src/config/db/db.ts","statementMap":{"0":{"start":{"line":1,"column":0},"end":{"line":1,"column":24}},"1":{"start":{"line":2,"column":0},"end":{"line":2,"column":34}},"2":{"start":{"line":4,"column":11},"end":{"line":4,"column":37}},"3":{"start":{"line":5,"column":0},"end":{"line":5,"column":18}}},"fnMap":{},"branchMap":{},"s":{"0":2,"1":2,"2":2,"3":2},"f":{},"b":{}}
,"/Users/delacruz/Projects/codex/product-feedback-backend/src/config/db/knexfile.ts": {"path":"/Users/delacruz/Projects/codex/product-feedback-backend/src/config/db/knexfile.ts","statementMap":{"0":{"start":{"line":2,"column":0},"end":{"line":2,"column":23}},"1":{"start":{"line":4,"column":17},"end":{"line":42,"column":2}},"2":{"start":{"line":44,"column":0},"end":{"line":44,"column":24}}},"fnMap":{},"branchMap":{},"s":{"0":2,"1":2,"2":2},"f":{},"b":{}}
,"/Users/delacruz/Projects/codex/product-feedback-backend/src/controllers/feedbackController.ts": {"path":"/Users/delacruz/Projects/codex/product-feedback-backend/src/controllers/feedbackController.ts","statementMap":{"0":{"start":{"line":2,"column":24},"end":{"line":2,"column":62}},"1":{"start":{"line":5,"column":1},"end":{"line":11,"column":3}},"2":{"start":{"line":6,"column":2},"end":{"line":10,"column":null}},"3":{"start":{"line":7,"column":3},"end":{"line":7,"column":68}},"4":{"start":{"line":9,"column":3},"end":{"line":9,"column":20}},"5":{"start":{"line":12,"column":1},"end":{"line":19,"column":3}},"6":{"start":{"line":13,"column":2},"end":{"line":18,"column":null}},"7":{"start":{"line":14,"column":14},"end":{"line":14,"column":27}},"8":{"start":{"line":15,"column":3},"end":{"line":15,"column":76}},"9":{"start":{"line":17,"column":3},"end":{"line":17,"column":20}},"10":{"start":{"line":22,"column":0},"end":{"line":22,"column":42}}},"fnMap":{"0":{"name":"(anonymous_0)","decl":{"start":{"line":4,"column":0},"end":{"line":4,"column":6}},"loc":{"start":{"line":4,"column":0},"end":{"line":20,"column":1}}},"1":{"name":"(anonymous_1)","decl":{"start":{"line":5,"column":15},"end":{"line":5,"column":20}},"loc":{"start":{"line":5,"column":55},"end":{"line":11,"column":2}}},"2":{"name":"(anonymous_2)","decl":{"start":{"line":12,"column":21},"end":{"line":12,"column":26}},"loc":{"start":{"line":12,"column":61},"end":{"line":19,"column":2}}}},"branchMap":{},"s":{"0":2,"1":2,"2":6,"3":6,"4":2,"5":2,"6":4,"7":4,"8":4,"9":2,"10":2},"f":{"0":2,"1":6,"2":4},"b":{}}
,"/Users/delacruz/Projects/codex/product-feedback-backend/src/dao/feedback.ts": {"path":"/Users/delacruz/Projects/codex/product-feedback-backend/src/dao/feedback.ts","statementMap":{"0":{"start":{"line":2,"column":11},"end":{"line":2,"column":37}},"1":{"start":{"line":8,"column":15},"end":{"line":8,"column":23}},"2":{"start":{"line":9,"column":2},"end":{"line":18,"column":5}},"3":{"start":{"line":25,"column":0},"end":{"line":25,"column":35}}},"fnMap":{"0":{"name":"(anonymous_0)","decl":{"start":{"line":6,"column":1},"end":{"line":6,"column":6}},"loc":{"start":{"line":6,"column":18},"end":{"line":19,"column":2}}}},"branchMap":{},"s":{"0":2,"1":0,"2":0,"3":2},"f":{"0":0},"b":{}}
,"/Users/delacruz/Projects/codex/product-feedback-backend/src/lib/env.ts": {"path":"/Users/delacruz/Projects/codex/product-feedback-backend/src/lib/env.ts","statementMap":{"0":{"start":{"line":1,"column":0},"end":{"line":1,"column":31}},"1":{"start":{"line":6,"column":0},"end":{"line":6,"column":32}},"2":{"start":{"line":9,"column":0},"end":{"line":9,"column":51}}},"fnMap":{},"branchMap":{},"s":{"0":2,"1":2,"2":2},"f":{},"b":{}}
,"/Users/delacruz/Projects/codex/product-feedback-backend/src/services/feedbackService.ts": {"path":"/Users/delacruz/Projects/codex/product-feedback-backend/src/services/feedbackService.ts","statementMap":{"0":{"start":{"line":2,"column":20},"end":{"line":2,"column":46}},"1":{"start":{"line":6,"column":2},"end":{"line":10,"column":null}},"2":{"start":{"line":7,"column":3},"end":{"line":7,"column":42}},"3":{"start":{"line":9,"column":3},"end":{"line":9,"column":20}},"4":{"start":{"line":14,"column":0},"end":{"line":14,"column":39}}},"fnMap":{"0":{"name":"(anonymous_0)","decl":{"start":{"line":5,"column":1},"end":{"line":5,"column":6}},"loc":{"start":{"line":5,"column":18},"end":{"line":11,"column":2}}}},"branchMap":{},"s":{"0":2,"1":0,"2":0,"3":0,"4":2},"f":{"0":0},"b":{}}
}
