TN:
SF:src/config/db/db.ts
FNF:0
FNH:0
DA:1,2
DA:2,2
DA:4,2
DA:5,2
LF:4
LH:4
BRF:0
BRH:0
end_of_record
TN:
SF:src/config/db/knexfile.ts
FNF:0
FNH:0
DA:2,2
DA:4,2
DA:44,2
LF:3
LH:3
BRF:0
BRH:0
end_of_record
TN:
SF:src/controllers/feedbackController.ts
FN:4,(anonymous_0)
FN:5,(anonymous_1)
FN:12,(anonymous_2)
FNF:3
FNH:3
FNDA:2,(anonymous_0)
FNDA:6,(anonymous_1)
FNDA:4,(anonymous_2)
DA:2,2
DA:5,2
DA:6,6
DA:7,6
DA:9,2
DA:12,2
DA:13,4
DA:14,4
DA:15,4
DA:17,2
DA:22,2
LF:11
LH:11
BRF:0
BRH:0
end_of_record
TN:
SF:src/dao/feedback.ts
FN:6,(anonymous_0)
FNF:1
FNH:0
FNDA:0,(anonymous_0)
DA:2,2
DA:8,0
DA:9,0
DA:25,2
LF:4
LH:2
BRF:0
BRH:0
end_of_record
TN:
SF:src/lib/env.ts
FNF:0
FNH:0
DA:1,2
DA:6,2
DA:9,2
LF:3
LH:3
BRF:0
BRH:0
end_of_record
TN:
SF:src/services/feedbackService.ts
FN:5,(anonymous_0)
FNF:1
FNH:0
FNDA:0,(anonymous_0)
DA:2,2
DA:6,0
DA:7,0
DA:9,0
DA:14,2
LF:5
LH:2
BRF:0
BRH:0
end_of_record
